<?xml version="1.0" encoding="UTF-8"?>
<coverage generated="1624836043753" clover="3.2.0">
  <project timestamp="1624836043754" name="All files">
    <metrics statements="13" coveredstatements="8" conditionals="4" coveredconditionals="0" methods="4" coveredmethods="2" elements="21" coveredelements="10" complexity="0" loc="13" ncloc="13" packages="1" files="1" classes="1"/>
    <file name="with-quote.ts" path="/Users/horacio/workspace/mintter/mintter/frontend/app/src/editor/quote-plugin/with-quote.ts">
      <metrics statements="13" coveredstatements="8" conditionals="4" coveredconditionals="0" methods="4" coveredmethods="2"/>
      <line num="1" count="1" type="stmt"/>
      <line num="3" count="1" type="stmt"/>
      <line num="6" count="1" type="stmt"/>
      <line num="7" count="1" type="stmt"/>
      <line num="8" count="1" type="stmt"/>
      <line num="10" count="1" type="stmt"/>
      <line num="11" count="0" type="cond" truecount="0" falsecount="4"/>
      <line num="13" count="0" type="stmt"/>
      <line num="16" count="0" type="stmt"/>
      <line num="19" count="1" type="stmt"/>
      <line num="20" count="0" type="stmt"/>
      <line num="21" count="0" type="stmt"/>
      <line num="24" count="1" type="stmt"/>
    </file>
  </project>
</coverage>
