{
  "/Users/horacio/workspace/mintter/mintter/frontend/app/src/editor/quote-plugin/with-quote.ts": {
    "path": "/Users/horacio/workspace/mintter/mintter/frontend/app/src/editor/quote-plugin/with-quote.ts",
    "statementMap": {
      "0": {"start": {"line": 1, "column": 0}, "end": {"line": 1, "column": 60}},
      "1": {"start": {"line": 3, "column": 0}, "end": {"line": 3, "column": 28}},
      "2": {"start": {"line": 7, "column": 2}, "end": {"line": 25, "column": null}},
      "3": {"start": {"line": 8, "column": 45}, "end": {"line": 8, "column": 51}},
      "4": {"start": {"line": 10, "column": 4}, "end": {"line": 17, "column": null}},
      "5": {"start": {"line": 11, "column": 6}, "end": {"line": 14, "column": null}},
      "6": {"start": {"line": 13, "column": 8}, "end": {"line": 13, "column": null}},
      "7": {"start": {"line": 16, "column": 6}, "end": {"line": 16, "column": null}},
      "8": {"start": {"line": 19, "column": 4}, "end": {"line": 22, "column": null}},
      "9": {"start": {"line": 20, "column": 6}, "end": {"line": 20, "column": null}},
      "10": {"start": {"line": 21, "column": 6}, "end": {"line": 21, "column": null}},
      "11": {"start": {"line": 24, "column": 4}, "end": {"line": 24, "column": null}},
      "12": {"start": {"line": 6, "column": 0}, "end": {"line": 6, "column": 16}}
    },
    "fnMap": {
      "0": {
        "name": "withQuote",
        "decl": {"start": {"line": 6, "column": 16}, "end": {"line": 6, "column": 25}},
        "loc": {"start": {"line": 6, "column": 25}, "end": {"line": 26, "column": 1}}
      },
      "1": {
        "name": "(anonymous_1)",
        "decl": {"start": {"line": 7, "column": 9}, "end": {"line": 7, "column": 10}},
        "loc": {"start": {"line": 7, "column": 20}, "end": {"line": 25, "column": 3}}
      },
      "2": {
        "name": "(anonymous_2)",
        "decl": {"start": {"line": 10, "column": 28}, "end": {"line": 10, "column": 29}},
        "loc": {"start": {"line": 10, "column": 37}, "end": {"line": 17, "column": 5}}
      },
      "3": {
        "name": "(anonymous_3)",
        "decl": {"start": {"line": 19, "column": 28}, "end": {"line": 19, "column": 29}},
        "loc": {"start": {"line": 19, "column": 42}, "end": {"line": 22, "column": 5}}
      }
    },
    "branchMap": {
      "0": {
        "loc": {"start": {"line": 11, "column": 6}, "end": {"line": 14, "column": null}},
        "type": "if",
        "locations": [
          {"start": {"line": 11, "column": 6}, "end": {"line": 14, "column": null}},
          {"start": {"line": 11, "column": 6}, "end": {"line": 14, "column": null}}
        ]
      },
      "1": {
        "loc": {"start": {"line": 11, "column": 10}, "end": {"line": 11, "column": 26}},
        "type": "binary-expr",
        "locations": [
          {"start": {"line": 11, "column": 10}, "end": {"line": 11, "column": 26}},
          {"start": {"line": 11, "column": 30}, "end": {"line": 11, "column": 59}}
        ]
      }
    },
    "s": {"0": 1, "1": 1, "2": 1, "3": 1, "4": 1, "5": 0, "6": 0, "7": 0, "8": 1, "9": 0, "10": 0, "11": 1, "12": 1},
    "f": {"0": 1, "1": 1, "2": 0, "3": 0},
    "b": {"0": [0, 0], "1": [0, 0]}
  }
}
